[debug] [2017-06-09T22:45:39.196Z] ----------------------------------------------------------------------
[debug] [2017-06-09T22:45:39.198Z] Command:      /usr/local/Cellar/node/8.0.0_1/bin/node /usr/local/bin/firebase serve
[debug] [2017-06-09T22:45:39.198Z] CLI Version:  3.9.1
[debug] [2017-06-09T22:45:39.198Z] Platform:     darwin
[debug] [2017-06-09T22:45:39.198Z] Node Version: v8.0.0
[debug] [2017-06-09T22:45:39.199Z] Time:         Fri Jun 09 2017 23:45:39 GMT+0100 (WAT)
[debug] [2017-06-09T22:45:39.199Z] ----------------------------------------------------------------------
[debug] 
[debug] [2017-06-09T22:45:39.211Z] > command requires scopes: ["email","openid","https://www.googleapis.com/auth/cloudplatformprojects.readonly","https://www.googleapis.com/auth/firebase","https://www.googleapis.com/auth/cloud-platform"]
[debug] [2017-06-09T22:45:39.211Z] > authorizing via signed-in user
[debug] [2017-06-09T22:45:39.213Z] >>> HTTP REQUEST GET https://admin.firebase.com/v1/projects/friendlychatweb-gdgibadan  
 Fri Jun 09 2017 23:45:39 GMT+0100 (WAT)
[debug] [2017-06-09T22:45:42.024Z] <<< HTTP RESPONSE 200
[debug] [2017-06-09T22:45:42.025Z] >>> HTTP REQUEST GET https://admin.firebase.com/v1/database/friendlychatweb-gdgibadan/tokens  
 Fri Jun 09 2017 23:45:42 GMT+0100 (WAT)
[debug] [2017-06-09T22:45:43.070Z] <<< HTTP RESPONSE 200
[info] 
[info] === Serving from '/Users/Olajide/Sites/friendlychat/web-stage-8-start'...
[info] 
[debug] [2017-06-09T22:45:43.073Z] >>> HTTP REQUEST GET https://cloudresourcemanager.googleapis.com/v1/projects/friendlychatweb-gdgibadan  
 Fri Jun 09 2017 23:45:43 GMT+0100 (WAT)
[debug] [2017-06-09T22:45:44.537Z] <<< HTTP RESPONSE 200
[debug] [2017-06-09T22:45:44.538Z] >>> HTTP REQUEST GET https://mobilesdk-pa.googleapis.com/v1/projects/16788925283/clients/_:getWebAppConfig  
 Fri Jun 09 2017 23:45:44 GMT+0100 (WAT)
[debug] [2017-06-09T22:45:46.177Z] <<< HTTP RESPONSE 200
[info] i  hosting: Serving hosting files from: ./
[info] ✔  hosting: Local server: http://localhost:5000

